2026-03-07 10:21:52,155 [INFO] Scheduler started (interval: 6.0h)
2026-03-07 10:21:52,155 [INFO] Scheduler thread started (daemon, interval=6.0h)
2026-03-07 10:21:52,163 [INFO] Scheduler check cycle starting at 2026-03-07T10:21:52.155441
2026-03-07 10:21:53,597 [INFO] Weather: new data available through 2026-03-07 (we have through None)
2026-03-07 10:21:53,598 [INFO] Starting incremental weather scrape...
2026-03-07 10:21:57,922 [INFO]     Fresno: 2258 new rows
2026-03-07 10:22:03,554 [INFO]     Kern: 2258 new rows
2026-03-07 10:22:08,208 [INFO]     Kings: 2258 new rows
2026-03-07 10:22:12,807 [INFO]     Madera: 2258 new rows
2026-03-07 10:22:17,408 [INFO]     Merced: 2258 new rows
2026-03-07 10:22:21,936 [INFO]     San Joaquin: 2258 new rows
2026-03-07 10:22:26,723 [INFO]     Stanislaus: 2258 new rows
2026-03-07 10:22:31,399 [INFO]     Tulare: 2258 new rows
2026-03-07 10:22:31,705 [ERROR] Initial check cycle failed: Cannot save file into a non-existent directory: 'C:\Users\aubreyasta\Documents\SporeRisk\Backend\data'
Traceback (most recent call last):
  File "C:\Users\aubreyasta\Documents\SporeRisk\Backend\scheduler.py", line 636, in scheduler_loop
    run_check_cycle()
    ~~~~~~~~~~~~~~~^^
  File "C:\Users\aubreyasta\Documents\SporeRisk\Backend\scheduler.py", line 579, in run_check_cycle
    if incremental_weather_scrape(state):
       ~~~~~~~~~~~~~~~~~~~~~~~~~~^^^^^^^
  File "C:\Users\aubreyasta\Documents\SporeRisk\Backend\scheduler.py", line 356, in incremental_weather_scrape
    combined.to_csv(weather_path, index=False, date_format="%Y-%m-%d")
    ~~~~~~~~~~~~~~~^^^^^^^^^^^^^^^^^^^^^^^^^^^^^^^^^^^^^^^^^^^^^^^^^^^
  File "C:\Users\aubreyasta\miniconda3\envs\sporasync\Lib\site-packages\pandas\core\generic.py", line 3988, in to_csv
    return DataFrameRenderer(formatter).to_csv(
           ~~~~~~~~~~~~~~~~~~~~~~~~~~~~~~~~~~~^
        path_or_buf,
        ^^^^^^^^^^^^
    ...<14 lines>...
        storage_options=storage_options,
        ^^^^^^^^^^^^^^^^^^^^^^^^^^^^^^^^
    )
    ^
  File "C:\Users\aubreyasta\miniconda3\envs\sporasync\Lib\site-packages\pandas\io\formats\format.py", line 1025, in to_csv
    csv_formatter.save()
    ~~~~~~~~~~~~~~~~~~^^
  File "C:\Users\aubreyasta\miniconda3\envs\sporasync\Lib\site-packages\pandas\io\formats\csvs.py", line 251, in save
    with get_handle(
         ~~~~~~~~~~^
        self.filepath_or_buffer,
        ^^^^^^^^^^^^^^^^^^^^^^^^
    ...<4 lines>...
        storage_options=self.storage_options,
        ^^^^^^^^^^^^^^^^^^^^^^^^^^^^^^^^^^^^^
    ) as handles:
    ^
  File "C:\Users\aubreyasta\miniconda3\envs\sporasync\Lib\site-packages\pandas\io\common.py", line 793, in get_handle
    check_parent_directory(str(handle))
    ~~~~~~~~~~~~~~~~~~~~~~^^^^^^^^^^^^^
  File "C:\Users\aubreyasta\miniconda3\envs\sporasync\Lib\site-packages\pandas\io\common.py", line 652, in check_parent_directory
    raise OSError(rf"Cannot save file into a non-existent directory: '{parent}'")
OSError: Cannot save file into a non-existent directory: 'C:\Users\aubreyasta\Documents\SporeRisk\Backend\data'
2026-03-07 10:30:47,248 [INFO] Scheduler started (interval: 6.0h)
2026-03-07 10:30:47,249 [INFO] Scheduler thread started (daemon, interval=6.0h)
2026-03-07 10:30:47,254 [INFO] Scheduler check cycle starting at 2026-03-07T10:30:47.249348
2026-03-07 10:30:48,734 [INFO] Weather: new data available through 2026-03-07 (we have through None)
2026-03-07 10:30:48,735 [INFO] Starting incremental weather scrape...
2026-03-07 10:30:53,051 [INFO]     Fresno: 2258 new rows
2026-03-07 10:30:57,787 [INFO]     Kern: 2258 new rows
2026-03-07 10:31:02,356 [INFO]     Kings: 2258 new rows
2026-03-07 10:31:06,799 [INFO]     Madera: 2258 new rows
2026-03-07 10:31:11,287 [INFO]     Merced: 2258 new rows
2026-03-07 10:31:16,581 [INFO]     San Joaquin: 2258 new rows
2026-03-07 10:31:20,994 [INFO]     Stanislaus: 2258 new rows
2026-03-07 10:31:25,590 [INFO]     Tulare: 2258 new rows
2026-03-07 10:31:26,996 [INFO] Air quality: 2025 EPA file available
2026-03-07 10:31:26,999 [INFO] Checking for new EPA AQS PM10 data...
2026-03-07 10:31:27,013 [INFO]   Fetching PM10 for 2025...
2026-03-07 10:31:28,498 [INFO]     2025: 3117 rows
2026-03-07 10:31:29,000 [INFO]   Fetching PM10 for 2026...
2026-03-07 10:31:29,868 [WARNING]     2026: FAILED (404 Client Error: Not Found for url: https://aqs.epa.gov/aqsweb/airdata/daily_81102_2026.zip)
2026-03-07 10:31:29,902 [INFO] New data detected — triggering full pipeline re-run...
2026-03-07 10:31:29,902 [INFO] ============================================================
2026-03-07 10:31:29,904 [INFO] ============================================================
2026-03-07 10:31:29,904 [INFO] Step 1/3: Data standardization...
2026-03-07 10:31:31,467 [INFO] Step 2/3: Baseline model (Random Forest)...
2026-03-07 10:31:31,785 [ERROR] Pipeline failed: [Errno 2] No such file or directory: 'C:\\Users\\aubreyasta\\Documents\\SporeRisk\\Backend\\sporerisk_master_corrected.csv'
Traceback (most recent call last):
  File "C:\Users\aubreyasta\Documents\SporeRisk\Backend\scheduler.py", line 526, in run_full_pipeline
    monthly = baseline.load_and_aggregate(str(BASE_DIR / "sporerisk_master_corrected.csv"))
  File "C:\Users\aubreyasta\Documents\SporeRisk\Backend\model_baseline.py", line 36, in load_and_aggregate
    df = pd.read_csv(csv_path)
  File "C:\Users\aubreyasta\miniconda3\envs\sporasync\Lib\site-packages\pandas\io\parsers\readers.py", line 873, in read_csv
    return _read(filepath_or_buffer, kwds)
  File "C:\Users\aubreyasta\miniconda3\envs\sporasync\Lib\site-packages\pandas\io\parsers\readers.py", line 300, in _read
    parser = TextFileReader(filepath_or_buffer, **kwds)
  File "C:\Users\aubreyasta\miniconda3\envs\sporasync\Lib\site-packages\pandas\io\parsers\readers.py", line 1645, in __init__
    self._engine = self._make_engine(f, self.engine)
                   ~~~~~~~~~~~~~~~~~^^^^^^^^^^^^^^^^
  File "C:\Users\aubreyasta\miniconda3\envs\sporasync\Lib\site-packages\pandas\io\parsers\readers.py", line 1904, in _make_engine
    self.handles = get_handle(
                   ~~~~~~~~~~^
        f,
        ^^
    ...<6 lines>...
        storage_options=self.options.get("storage_options", None),
        ^^^^^^^^^^^^^^^^^^^^^^^^^^^^^^^^^^^^^^^^^^^^^^^^^^^^^^^^^^
    )
    ^
  File "C:\Users\aubreyasta\miniconda3\envs\sporasync\Lib\site-packages\pandas\io\common.py", line 926, in get_handle
    handle = open(
        handle,
    ...<3 lines>...
        newline="",
    )
FileNotFoundError: [Errno 2] No such file or directory: 'C:\\Users\\aubreyasta\\Documents\\SporeRisk\\Backend\\sporerisk_master_corrected.csv'
2026-03-07 10:31:31,789 [ERROR] Pipeline failed — predictions NOT updated. Will retry next cycle.
2026-03-07 10:31:31,789 [INFO] Check cycle complete. Next check in 12:00:00.

2026-03-07 10:35:29,287 [INFO] Scheduler started (interval: 6.0h)
2026-03-07 10:35:29,287 [INFO] Scheduler thread started (daemon, interval=6.0h)
2026-03-07 10:36:16,989 [INFO] Scheduler started (interval: 6.0h)
2026-03-07 10:36:16,989 [INFO] Scheduler thread started (daemon, interval=6.0h)
2026-03-07 10:36:16,994 [INFO] Scheduler check cycle starting at 2026-03-07T10:36:16.990253
2026-03-07 10:36:16,994 [INFO] No new data found. Predictions remain current.
2026-03-07 10:36:16,995 [INFO] Check cycle complete. Next check in 12:00:00.

2026-03-07 10:39:02,850 [INFO] Scheduler started (interval: 6.0h)
2026-03-07 10:39:02,850 [INFO] Scheduler thread started (daemon, interval=6.0h)
2026-03-07 10:39:02,850 [INFO] ----------------------------------------
2026-03-07 10:39:02,850 [INFO] Scheduler check cycle starting at 2026-03-07T10:39:02.850478
2026-03-07 10:39:04,348 [INFO] Weather: new data available through 2026-03-07 (we have through None)
2026-03-07 10:39:04,349 [INFO] Starting incremental weather scrape...
2026-03-07 10:39:09,458 [INFO]     Fresno: 2258 new rows
2026-03-07 10:39:14,214 [INFO]     Kern: 2258 new rows
2026-03-07 10:39:18,833 [INFO]     Kings: 2258 new rows
2026-03-07 10:39:23,300 [INFO]     Madera: 2258 new rows
2026-03-07 10:39:27,975 [INFO]     Merced: 2258 new rows
2026-03-07 10:39:32,552 [INFO]     San Joaquin: 2258 new rows
2026-03-07 10:39:37,153 [INFO]     Stanislaus: 2258 new rows
2026-03-07 10:39:41,677 [INFO]     Tulare: 2258 new rows
2026-03-07 10:39:43,223 [INFO] Air quality: 2025 EPA file available
2026-03-07 10:39:43,225 [INFO] Checking for new EPA AQS PM10 data...
2026-03-07 10:39:43,226 [INFO]   Fetching PM10 for 2020...
2026-03-07 10:39:44,991 [INFO]     2020: 6220 rows
2026-03-07 10:39:45,491 [INFO]   Fetching PM10 for 2021...
2026-03-07 10:39:48,060 [INFO]     2021: 6342 rows
2026-03-07 10:39:48,561 [INFO]   Fetching PM10 for 2022...
2026-03-07 10:39:50,338 [INFO]     2022: 7227 rows
2026-03-07 10:39:50,839 [INFO]   Fetching PM10 for 2023...
2026-03-07 10:39:53,813 [INFO]     2023: 7184 rows
2026-03-07 10:39:54,314 [INFO]   Fetching PM10 for 2024...
2026-03-07 10:39:56,688 [INFO]     2024: 7140 rows
2026-03-07 10:39:57,189 [INFO]   Fetching PM10 for 2025...
2026-03-07 10:39:58,658 [INFO]     2025: 3117 rows
2026-03-07 10:39:59,158 [INFO]   Fetching PM10 for 2026...
2026-03-07 10:40:00,054 [WARNING]     2026: FAILED (404 Client Error: Not Found for url: https://aqs.epa.gov/aqsweb/airdata/daily_81102_2026.zip)
2026-03-07 10:40:00,085 [INFO] Refreshing case data...
2026-03-07 10:40:00,104 [INFO] Cases: refreshed successfully
2026-03-07 10:40:00,105 [INFO] New data detected — triggering full pipeline re-run...
2026-03-07 10:40:00,105 [INFO] ============================================================
2026-03-07 10:40:00,110 [INFO] ============================================================
2026-03-07 10:40:00,111 [INFO] Step 1/3: Data standardization...
2026-03-07 10:40:01,736 [INFO] Step 2/3: Baseline model (Random Forest)...
2026-03-07 10:40:06,952 [INFO] Step 3/3: T-GCN model...
2026-03-07 10:40:06,962 [INFO] ============================================================
2026-03-07 10:40:06,962 [INFO] PIPELINE COMPLETE
2026-03-07 10:40:06,962 [INFO] ============================================================
2026-03-07 10:40:06,962 [INFO] Pipeline completed successfully. Predictions are now up to date.
2026-03-07 10:40:06,963 [INFO] Check cycle complete. Next check in 12:00:00.

